Build started 2014/8/26 22:34:47.
     1>Project "C:\Users\bankpan\Desktop\Chap07\Checker1\Checker1.vcxproj" on node 2 (build target(s)).
     1>InitializeBuildStatus:
         Creating ".\Debug\Checker1.unsuccessfulbuild" because "AlwaysCreate" was specified.
       ClCompile:
         G:\Program Files\Microsoft Visual Studio 10.0\VC\bin\CL.exe /c /ZI /nologo /W3 /WX- /Od /Oy- /D WIN32 /D _DEBUG /D _WINDOWS /D UNICODE /D _VC80_UPGRADE=0x0600 /Gm /EHsc /MTd /GS /Gy- /fp:precise /Zc:wchar_t /Zc:forScope /Fo".\Debug\\" /Fd".\Debug\vc100.pdb" /Gd /TC /analyze- /errorReport:prompt Checker1.c
         Checker1.c
     1>c:\users\bankpan\desktop\chap07\checker1\checker1.c(63): warning C4101: 'rect' : unreferenced local variable
     1>c:\users\bankpan\desktop\chap07\checker1\checker1.c(69): warning C4101: 'brushTemp' : unreferenced local variable
     1>c:\users\bankpan\desktop\chap07\checker1\checker1.c(67): warning C4101: 'brushObj' : unreferenced local variable
       ResourceCompile:
         All outputs are up-to-date.
       ManifestResourceCompile:
         All outputs are up-to-date.
       Link:
         G:\Program Files\Microsoft Visual Studio 10.0\VC\bin\link.exe /ERRORREPORT:PROMPT /OUT:".\Debug\Checker1.exe" /INCREMENTAL /NOLOGO odbc32.lib odbccp32.lib kernel32.lib user32.lib gdi32.lib winspool.lib comdlg32.lib advapi32.lib shell32.lib ole32.lib oleaut32.lib uuid.lib odbc32.lib odbccp32.lib /MANIFEST /ManifestFile:".\Debug\Checker1.exe.intermediate.manifest" /MANIFESTUAC:"level='asInvoker' uiAccess='false'" /DEBUG /PDB:"C:\Users\bankpan\Desktop\Chap07\Checker1\Debug\Checker1.pdb" /SUBSYSTEM:WINDOWS /TLBID:1 /DYNAMICBASE /NXCOMPAT /IMPLIB:".\Debug\Checker1.lib" /MACHINE:X86 .\Debug\Checker12.res
         .\Debug\Checker1.exe.embed.manifest.res
         .\Debug\Checker1.obj
       Manifest:
         C:\Program Files\Microsoft SDKs\Windows\v7.0A\bin\mt.exe /nologo /verbose /out:".\Debug\Checker1.exe.embed.manifest" /manifest .\Debug\Checker1.exe.intermediate.manifest
         All outputs are up-to-date.
       LinkEmbedManifest:
         All outputs are up-to-date.
         Checker1.vcxproj -> C:\Users\bankpan\Desktop\Chap07\Checker1\.\Debug\Checker1.exe
       FinalizeBuildStatus:
         Deleting file ".\Debug\Checker1.unsuccessfulbuild".
         Touching ".\Debug\Checker1.lastbuildstate".
     1>Done Building Project "C:\Users\bankpan\Desktop\Chap07\Checker1\Checker1.vcxproj" (build target(s)).

Build succeeded.

Time Elapsed 00:00:01.06
