.\Debug\Checker1.ilk
.\Debug\Checker1.pdb
C:\Users\bankpan\Desktop\Chap07\Checker1\.\Debug\Checker1.exe
C:\Users\bankpan\Desktop\Chap07\Checker1\.\Debug\Checker1.exe.intermediate.manifest
C:\USERS\BANKPAN\DESKTOP\CHAP07\CHECKER1\DEBUG\CHECKER1.EXE
C:\USERS\BANKPAN\DESKTOP\CHAP07\CHECKER1\DEBUG\CHECKER1.EXE.EMBED.MANIFEST
C:\USERS\BANKPAN\DESKTOP\CHAP07\CHECKER1\DEBUG\CHECKER1.EXE.EMBED.MANIFEST.RES
C:\USERS\BANKPAN\DESKTOP\CHAP07\CHECKER1\DEBUG\CHECKER1.EXE.INTERMEDIATE.MANIFEST
C:\USERS\BANKPAN\DESKTOP\CHAP07\CHECKER1\DEBUG\CHECKER1.ILK
C:\USERS\BANKPAN\DESKTOP\CHAP07\CHECKER1\DEBUG\CHECKER1.OBJ
C:\USERS\BANKPAN\DESKTOP\CHAP07\CHECKER1\DEBUG\CHECKER1.PDB
C:\Users\bankpan\Desktop\Chap07\Checker1\Debug\Checker1.vcxprojResolveAssemblyReference.cache
C:\Users\bankpan\Desktop\Chap07\Checker1\Debug\Checker1.write.1.tlog
C:\Users\bankpan\Desktop\Chap07\Checker1\Debug\Checker1_manifest.rc
C:\Users\bankpan\Desktop\Chap07\Checker1\Debug\cl.command.1.tlog
C:\Users\bankpan\Desktop\Chap07\Checker1\Debug\CL.read.1.tlog
C:\Users\bankpan\Desktop\Chap07\Checker1\Debug\CL.write.1.tlog
C:\Users\bankpan\Desktop\Chap07\Checker1\Debug\link.11968.read.1.tlog
C:\Users\bankpan\Desktop\Chap07\Checker1\Debug\link.11968.write.1.tlog
C:\Users\bankpan\Desktop\Chap07\Checker1\Debug\link.11968-cvtres.read.1.tlog
C:\Users\bankpan\Desktop\Chap07\Checker1\Debug\link.11968-cvtres.write.1.tlog
C:\Users\bankpan\Desktop\Chap07\Checker1\Debug\link.command.1.tlog
C:\Users\bankpan\Desktop\Chap07\Checker1\Debug\link.read.1.tlog
C:\Users\bankpan\Desktop\Chap07\Checker1\Debug\link.write.1.tlog
C:\Users\bankpan\Desktop\Chap07\Checker1\Debug\link-cvtres.read.1.tlog
C:\Users\bankpan\Desktop\Chap07\Checker1\Debug\link-cvtres.write.1.tlog
C:\Users\bankpan\Desktop\Chap07\Checker1\Debug\mt.command.1.tlog
C:\Users\bankpan\Desktop\Chap07\Checker1\Debug\mt.read.1.tlog
C:\Users\bankpan\Desktop\Chap07\Checker1\Debug\mt.write.1.tlog
C:\Users\bankpan\Desktop\Chap07\Checker1\Debug\rc.command.1.tlog
C:\Users\bankpan\Desktop\Chap07\Checker1\Debug\rc.read.1.tlog
C:\Users\bankpan\Desktop\Chap07\Checker1\Debug\rc.write.1.tlog
C:\Users\bankpan\Desktop\Chap07\Checker1\Debug\vc100.idb
C:\USERS\BANKPAN\DESKTOP\CHAP07\CHECKER1\DEBUG\VC100.PDB
